
starting backup automatically...
Wed Aug 13 04:32:01 PM IST 2025
backup process completed
--------------------------
starting backup automatically...
Wed Aug 13 05:32:01 PM IST 2025
backup process completed
--------------------------
starting backup automatically...
Thu Aug 14 10:32:01 AM IST 2025
backup process completed
--------------------------
starting backup automatically...
Thu Aug 14 11:32:01 AM IST 2025
backup process completed
--------------------------
starting backup automatically...
Thu Aug 14 12:32:01 PM IST 2025
backup process completed
--------------------------
starting backup automatically...
Thu Aug 14 01:32:01 PM IST 2025
backup process completed
--------------------------
starting backup automatically...
Thu Aug 14 02:32:01 PM IST 2025
backup process completed
--------------------------
starting backup automatically...
Thu Aug 14 03:32:01 PM IST 2025
backup process completed
--------------------------
starting backup automatically...
Thu Aug 14 04:32:01 PM IST 2025
backup process completed
--------------------------
starting backup automatically...
Thu Aug 14 05:32:01 PM IST 2025
backup process completed
--------------------------
starting backup automatically...
Thu Aug 14 09:32:01 PM IST 2025
backup process completed
--------------------------
starting backup automatically...
Thu Aug 14 10:32:01 PM IST 2025
backup process completed
--------------------------
starting backup automatically...
Fri Aug 15 04:32:01 PM IST 2025
backup process completed
--------------------------
starting backup automatically...
Fri Aug 15 05:32:01 PM IST 2025
backup process completed
--------------------------
starting backup automatically...
Fri Aug 15 06:32:01 PM IST 2025
backup process completed
--------------------------
starting backup automatically...
Fri Aug 15 07:32:01 PM IST 2025
backup process completed
--------------------------
starting backup automatically...
Fri Aug 15 08:32:01 PM IST 2025
backup process completed
--------------------------
starting backup automatically...
Fri Aug 15 09:32:02 PM IST 2025
backup process completed
--------------------------
starting backup automatically...
Sat Aug 16 08:32:01 AM IST 2025
backup process completed
--------------------------
starting backup automatically...
Sat Aug 16 09:32:01 AM IST 2025
backup process completed
--------------------------
starting backup automatically...
Sat Aug 16 10:32:01 AM IST 2025
backup process completed
--------------------------
starting backup automatically...
Sat Aug 16 11:32:02 AM IST 2025
backup process completed
--------------------------
